<?xml version="1.0" encoding="UTF-8"?>
<testsuite xmlns:xsi="http://www.w3.org/2001/XMLSchema-instance" xsi:noNamespaceSchemaLocation="https://maven.apache.org/surefire/maven-surefire-plugin/xsd/surefire-test-report.xsd" name="com.page.crawl.api.controller.test.PageCrawlControllerTest" time="0.427" tests="2" errors="0" skipped="0" failures="0">
  <properties>
    <property name="sun.desktop" value="windows"/>
    <property name="awt.toolkit" value="sun.awt.windows.WToolkit"/>
    <property name="file.encoding.pkg" value="sun.io"/>
    <property name="java.specification.version" value="1.8"/>
    <property name="sun.cpu.isalist" value="amd64"/>
    <property name="sun.jnu.encoding" value="Cp1252"/>
    <property name="java.class.path" value="E:\project\git-project\digitalWeb\dt-service-pagecrawl\target\test-classes;E:\project\git-project\digitalWeb\dt-service-pagecrawl\target\classes;E:\software\apache-maven-3.6.0-bin\apache-maven-3.6.0\.m2\repository\org\springframework\boot\spring-boot-starter-web\2.1.1.RELEASE\spring-boot-starter-web-2.1.1.RELEASE.jar;E:\software\apache-maven-3.6.0-bin\apache-maven-3.6.0\.m2\repository\org\springframework\boot\spring-boot-starter\2.1.1.RELEASE\spring-boot-starter-2.1.1.RELEASE.jar;E:\software\apache-maven-3.6.0-bin\apache-maven-3.6.0\.m2\repository\org\springframework\boot\spring-boot\2.1.1.RELEASE\spring-boot-2.1.1.RELEASE.jar;E:\software\apache-maven-3.6.0-bin\apache-maven-3.6.0\.m2\repository\org\springframework\boot\spring-boot-autoconfigure\2.1.1.RELEASE\spring-boot-autoconfigure-2.1.1.RELEASE.jar;E:\software\apache-maven-3.6.0-bin\apache-maven-3.6.0\.m2\repository\org\springframework\boot\spring-boot-starter-logging\2.1.1.RELEASE\spring-boot-starter-logging-2.1.1.RELEASE.jar;E:\software\apache-maven-3.6.0-bin\apache-maven-3.6.0\.m2\repository\ch\qos\logback\logback-classic\1.2.3\logback-classic-1.2.3.jar;E:\software\apache-maven-3.6.0-bin\apache-maven-3.6.0\.m2\repository\ch\qos\logback\logback-core\1.2.3\logback-core-1.2.3.jar;E:\software\apache-maven-3.6.0-bin\apache-maven-3.6.0\.m2\repository\org\apache\logging\log4j\log4j-to-slf4j\2.11.1\log4j-to-slf4j-2.11.1.jar;E:\software\apache-maven-3.6.0-bin\apache-maven-3.6.0\.m2\repository\org\apache\logging\log4j\log4j-api\2.11.1\log4j-api-2.11.1.jar;E:\software\apache-maven-3.6.0-bin\apache-maven-3.6.0\.m2\repository\org\slf4j\jul-to-slf4j\1.7.25\jul-to-slf4j-1.7.25.jar;E:\software\apache-maven-3.6.0-bin\apache-maven-3.6.0\.m2\repository\org\yaml\snakeyaml\1.23\snakeyaml-1.23.jar;E:\software\apache-maven-3.6.0-bin\apache-maven-3.6.0\.m2\repository\org\springframework\boot\spring-boot-starter-json\2.1.1.RELEASE\spring-boot-starter-json-2.1.1.RELEASE.jar;E:\software\apache-maven-3.6.0-bin\apache-maven-3.6.0\.m2\repository\com\fasterxml\jackson\core\jackson-databind\2.9.7\jackson-databind-2.9.7.jar;E:\software\apache-maven-3.6.0-bin\apache-maven-3.6.0\.m2\repository\com\fasterxml\jackson\core\jackson-annotations\2.9.0\jackson-annotations-2.9.0.jar;E:\software\apache-maven-3.6.0-bin\apache-maven-3.6.0\.m2\repository\com\fasterxml\jackson\core\jackson-core\2.9.7\jackson-core-2.9.7.jar;E:\software\apache-maven-3.6.0-bin\apache-maven-3.6.0\.m2\repository\com\fasterxml\jackson\datatype\jackson-datatype-jdk8\2.9.7\jackson-datatype-jdk8-2.9.7.jar;E:\software\apache-maven-3.6.0-bin\apache-maven-3.6.0\.m2\repository\com\fasterxml\jackson\datatype\jackson-datatype-jsr310\2.9.7\jackson-datatype-jsr310-2.9.7.jar;E:\software\apache-maven-3.6.0-bin\apache-maven-3.6.0\.m2\repository\com\fasterxml\jackson\module\jackson-module-parameter-names\2.9.7\jackson-module-parameter-names-2.9.7.jar;E:\software\apache-maven-3.6.0-bin\apache-maven-3.6.0\.m2\repository\org\hibernate\validator\hibernate-validator\6.0.13.Final\hibernate-validator-6.0.13.Final.jar;E:\software\apache-maven-3.6.0-bin\apache-maven-3.6.0\.m2\repository\javax\validation\validation-api\2.0.1.Final\validation-api-2.0.1.Final.jar;E:\software\apache-maven-3.6.0-bin\apache-maven-3.6.0\.m2\repository\org\jboss\logging\jboss-logging\3.3.2.Final\jboss-logging-3.3.2.Final.jar;E:\software\apache-maven-3.6.0-bin\apache-maven-3.6.0\.m2\repository\com\fasterxml\classmate\1.4.0\classmate-1.4.0.jar;E:\software\apache-maven-3.6.0-bin\apache-maven-3.6.0\.m2\repository\org\springframework\spring-web\5.1.3.RELEASE\spring-web-5.1.3.RELEASE.jar;E:\software\apache-maven-3.6.0-bin\apache-maven-3.6.0\.m2\repository\org\springframework\spring-beans\5.1.3.RELEASE\spring-beans-5.1.3.RELEASE.jar;E:\software\apache-maven-3.6.0-bin\apache-maven-3.6.0\.m2\repository\org\springframework\spring-webmvc\5.1.3.RELEASE\spring-webmvc-5.1.3.RELEASE.jar;E:\software\apache-maven-3.6.0-bin\apache-maven-3.6.0\.m2\repository\org\springframework\spring-aop\5.1.3.RELEASE\spring-aop-5.1.3.RELEASE.jar;E:\software\apache-maven-3.6.0-bin\apache-maven-3.6.0\.m2\repository\org\springframework\spring-context\5.1.3.RELEASE\spring-context-5.1.3.RELEASE.jar;E:\software\apache-maven-3.6.0-bin\apache-maven-3.6.0\.m2\repository\org\springframework\spring-expression\5.1.3.RELEASE\spring-expression-5.1.3.RELEASE.jar;E:\software\apache-maven-3.6.0-bin\apache-maven-3.6.0\.m2\repository\org\springframework\boot\spring-boot-starter-tomcat\2.1.1.RELEASE\spring-boot-starter-tomcat-2.1.1.RELEASE.jar;E:\software\apache-maven-3.6.0-bin\apache-maven-3.6.0\.m2\repository\javax\annotation\javax.annotation-api\1.3.2\javax.annotation-api-1.3.2.jar;E:\software\apache-maven-3.6.0-bin\apache-maven-3.6.0\.m2\repository\org\apache\tomcat\embed\tomcat-embed-core\9.0.13\tomcat-embed-core-9.0.13.jar;E:\software\apache-maven-3.6.0-bin\apache-maven-3.6.0\.m2\repository\org\apache\tomcat\embed\tomcat-embed-el\9.0.13\tomcat-embed-el-9.0.13.jar;E:\software\apache-maven-3.6.0-bin\apache-maven-3.6.0\.m2\repository\org\apache\tomcat\embed\tomcat-embed-websocket\9.0.13\tomcat-embed-websocket-9.0.13.jar;E:\software\apache-maven-3.6.0-bin\apache-maven-3.6.0\.m2\repository\org\apache\tomcat\embed\tomcat-embed-jasper\9.0.13\tomcat-embed-jasper-9.0.13.jar;E:\software\apache-maven-3.6.0-bin\apache-maven-3.6.0\.m2\repository\org\eclipse\jdt\ecj\3.13.102\ecj-3.13.102.jar;E:\software\apache-maven-3.6.0-bin\apache-maven-3.6.0\.m2\repository\log4j\log4j\1.2.17\log4j-1.2.17.jar;E:\software\apache-maven-3.6.0-bin\apache-maven-3.6.0\.m2\repository\javax\ws\rs\javax.ws.rs-api\2.1.1\javax.ws.rs-api-2.1.1.jar;E:\software\apache-maven-3.6.0-bin\apache-maven-3.6.0\.m2\repository\com\google\guava\guava\19.0\guava-19.0.jar;E:\software\apache-maven-3.6.0-bin\apache-maven-3.6.0\.m2\repository\com\sun\jersey\jersey-server\1.8\jersey-server-1.8.jar;E:\software\apache-maven-3.6.0-bin\apache-maven-3.6.0\.m2\repository\asm\asm\3.1\asm-3.1.jar;E:\software\apache-maven-3.6.0-bin\apache-maven-3.6.0\.m2\repository\com\sun\jersey\jersey-core\1.8\jersey-core-1.8.jar;E:\software\apache-maven-3.6.0-bin\apache-maven-3.6.0\.m2\repository\com\sun\jersey\jersey-client\1.8\jersey-client-1.8.jar;E:\software\apache-maven-3.6.0-bin\apache-maven-3.6.0\.m2\repository\org\scala-lang\scala-library\2.11.0\scala-library-2.11.0.jar;E:\software\apache-maven-3.6.0-bin\apache-maven-3.6.0\.m2\repository\junit\junit\4.13-beta-1\junit-4.13-beta-1.jar;E:\software\apache-maven-3.6.0-bin\apache-maven-3.6.0\.m2\repository\org\hamcrest\hamcrest-core\1.3\hamcrest-core-1.3.jar;E:\software\apache-maven-3.6.0-bin\apache-maven-3.6.0\.m2\repository\org\springframework\boot\spring-boot-starter-test\2.1.1.RELEASE\spring-boot-starter-test-2.1.1.RELEASE.jar;E:\software\apache-maven-3.6.0-bin\apache-maven-3.6.0\.m2\repository\org\springframework\boot\spring-boot-test\2.1.1.RELEASE\spring-boot-test-2.1.1.RELEASE.jar;E:\software\apache-maven-3.6.0-bin\apache-maven-3.6.0\.m2\repository\org\springframework\boot\spring-boot-test-autoconfigure\2.1.1.RELEASE\spring-boot-test-autoconfigure-2.1.1.RELEASE.jar;E:\software\apache-maven-3.6.0-bin\apache-maven-3.6.0\.m2\repository\com\jayway\jsonpath\json-path\2.4.0\json-path-2.4.0.jar;E:\software\apache-maven-3.6.0-bin\apache-maven-3.6.0\.m2\repository\net\minidev\json-smart\2.3\json-smart-2.3.jar;E:\software\apache-maven-3.6.0-bin\apache-maven-3.6.0\.m2\repository\net\minidev\accessors-smart\1.2\accessors-smart-1.2.jar;E:\software\apache-maven-3.6.0-bin\apache-maven-3.6.0\.m2\repository\org\ow2\asm\asm\5.0.4\asm-5.0.4.jar;E:\software\apache-maven-3.6.0-bin\apache-maven-3.6.0\.m2\repository\org\slf4j\slf4j-api\1.7.25\slf4j-api-1.7.25.jar;E:\software\apache-maven-3.6.0-bin\apache-maven-3.6.0\.m2\repository\org\assertj\assertj-core\3.11.1\assertj-core-3.11.1.jar;E:\software\apache-maven-3.6.0-bin\apache-maven-3.6.0\.m2\repository\org\mockito\mockito-core\2.23.4\mockito-core-2.23.4.jar;E:\software\apache-maven-3.6.0-bin\apache-maven-3.6.0\.m2\repository\net\bytebuddy\byte-buddy\1.9.5\byte-buddy-1.9.5.jar;E:\software\apache-maven-3.6.0-bin\apache-maven-3.6.0\.m2\repository\net\bytebuddy\byte-buddy-agent\1.9.5\byte-buddy-agent-1.9.5.jar;E:\software\apache-maven-3.6.0-bin\apache-maven-3.6.0\.m2\repository\org\objenesis\objenesis\2.6\objenesis-2.6.jar;E:\software\apache-maven-3.6.0-bin\apache-maven-3.6.0\.m2\repository\org\hamcrest\hamcrest-library\1.3\hamcrest-library-1.3.jar;E:\software\apache-maven-3.6.0-bin\apache-maven-3.6.0\.m2\repository\org\skyscreamer\jsonassert\1.5.0\jsonassert-1.5.0.jar;E:\software\apache-maven-3.6.0-bin\apache-maven-3.6.0\.m2\repository\com\vaadin\external\google\android-json\0.0.20131108.vaadin1\android-json-0.0.20131108.vaadin1.jar;E:\software\apache-maven-3.6.0-bin\apache-maven-3.6.0\.m2\repository\org\springframework\spring-core\5.1.3.RELEASE\spring-core-5.1.3.RELEASE.jar;E:\software\apache-maven-3.6.0-bin\apache-maven-3.6.0\.m2\repository\org\springframework\spring-jcl\5.1.3.RELEASE\spring-jcl-5.1.3.RELEASE.jar;E:\software\apache-maven-3.6.0-bin\apache-maven-3.6.0\.m2\repository\org\springframework\spring-test\5.1.3.RELEASE\spring-test-5.1.3.RELEASE.jar;E:\software\apache-maven-3.6.0-bin\apache-maven-3.6.0\.m2\repository\org\xmlunit\xmlunit-core\2.6.2\xmlunit-core-2.6.2.jar;"/>
    <property name="java.vm.vendor" value="Oracle Corporation"/>
    <property name="sun.arch.data.model" value="64"/>
    <property name="user.variant" value=""/>
    <property name="java.vendor.url" value="http://java.oracle.com/"/>
    <property name="user.timezone" value="Asia/Calcutta"/>
    <property name="java.vm.specification.version" value="1.8"/>
    <property name="os.name" value="Windows 10"/>
    <property name="user.country" value="IN"/>
    <property name="sun.java.launcher" value="SUN_STANDARD"/>
    <property name="sun.boot.library.path" value="C:\Program Files\Java\jre1.8.0_201\bin"/>
    <property name="sun.java.command" value="C:\Users\SURESH~1\AppData\Local\Temp\surefire2777287636222978274\surefirebooter7298011688231326967.jar C:\Users\Suresh Dash\AppData\Local\Temp\surefire2777287636222978274 2019-07-07T21-23-48_174-jvmRun1 surefire5365719615544201588tmp surefire_05979517815150233227tmp"/>
    <property name="surefire.test.class.path" value="E:\project\git-project\digitalWeb\dt-service-pagecrawl\target\test-classes;E:\project\git-project\digitalWeb\dt-service-pagecrawl\target\classes;E:\software\apache-maven-3.6.0-bin\apache-maven-3.6.0\.m2\repository\org\springframework\boot\spring-boot-starter-web\2.1.1.RELEASE\spring-boot-starter-web-2.1.1.RELEASE.jar;E:\software\apache-maven-3.6.0-bin\apache-maven-3.6.0\.m2\repository\org\springframework\boot\spring-boot-starter\2.1.1.RELEASE\spring-boot-starter-2.1.1.RELEASE.jar;E:\software\apache-maven-3.6.0-bin\apache-maven-3.6.0\.m2\repository\org\springframework\boot\spring-boot\2.1.1.RELEASE\spring-boot-2.1.1.RELEASE.jar;E:\software\apache-maven-3.6.0-bin\apache-maven-3.6.0\.m2\repository\org\springframework\boot\spring-boot-autoconfigure\2.1.1.RELEASE\spring-boot-autoconfigure-2.1.1.RELEASE.jar;E:\software\apache-maven-3.6.0-bin\apache-maven-3.6.0\.m2\repository\org\springframework\boot\spring-boot-starter-logging\2.1.1.RELEASE\spring-boot-starter-logging-2.1.1.RELEASE.jar;E:\software\apache-maven-3.6.0-bin\apache-maven-3.6.0\.m2\repository\ch\qos\logback\logback-classic\1.2.3\logback-classic-1.2.3.jar;E:\software\apache-maven-3.6.0-bin\apache-maven-3.6.0\.m2\repository\ch\qos\logback\logback-core\1.2.3\logback-core-1.2.3.jar;E:\software\apache-maven-3.6.0-bin\apache-maven-3.6.0\.m2\repository\org\apache\logging\log4j\log4j-to-slf4j\2.11.1\log4j-to-slf4j-2.11.1.jar;E:\software\apache-maven-3.6.0-bin\apache-maven-3.6.0\.m2\repository\org\apache\logging\log4j\log4j-api\2.11.1\log4j-api-2.11.1.jar;E:\software\apache-maven-3.6.0-bin\apache-maven-3.6.0\.m2\repository\org\slf4j\jul-to-slf4j\1.7.25\jul-to-slf4j-1.7.25.jar;E:\software\apache-maven-3.6.0-bin\apache-maven-3.6.0\.m2\repository\org\yaml\snakeyaml\1.23\snakeyaml-1.23.jar;E:\software\apache-maven-3.6.0-bin\apache-maven-3.6.0\.m2\repository\org\springframework\boot\spring-boot-starter-json\2.1.1.RELEASE\spring-boot-starter-json-2.1.1.RELEASE.jar;E:\software\apache-maven-3.6.0-bin\apache-maven-3.6.0\.m2\repository\com\fasterxml\jackson\core\jackson-databind\2.9.7\jackson-databind-2.9.7.jar;E:\software\apache-maven-3.6.0-bin\apache-maven-3.6.0\.m2\repository\com\fasterxml\jackson\core\jackson-annotations\2.9.0\jackson-annotations-2.9.0.jar;E:\software\apache-maven-3.6.0-bin\apache-maven-3.6.0\.m2\repository\com\fasterxml\jackson\core\jackson-core\2.9.7\jackson-core-2.9.7.jar;E:\software\apache-maven-3.6.0-bin\apache-maven-3.6.0\.m2\repository\com\fasterxml\jackson\datatype\jackson-datatype-jdk8\2.9.7\jackson-datatype-jdk8-2.9.7.jar;E:\software\apache-maven-3.6.0-bin\apache-maven-3.6.0\.m2\repository\com\fasterxml\jackson\datatype\jackson-datatype-jsr310\2.9.7\jackson-datatype-jsr310-2.9.7.jar;E:\software\apache-maven-3.6.0-bin\apache-maven-3.6.0\.m2\repository\com\fasterxml\jackson\module\jackson-module-parameter-names\2.9.7\jackson-module-parameter-names-2.9.7.jar;E:\software\apache-maven-3.6.0-bin\apache-maven-3.6.0\.m2\repository\org\hibernate\validator\hibernate-validator\6.0.13.Final\hibernate-validator-6.0.13.Final.jar;E:\software\apache-maven-3.6.0-bin\apache-maven-3.6.0\.m2\repository\javax\validation\validation-api\2.0.1.Final\validation-api-2.0.1.Final.jar;E:\software\apache-maven-3.6.0-bin\apache-maven-3.6.0\.m2\repository\org\jboss\logging\jboss-logging\3.3.2.Final\jboss-logging-3.3.2.Final.jar;E:\software\apache-maven-3.6.0-bin\apache-maven-3.6.0\.m2\repository\com\fasterxml\classmate\1.4.0\classmate-1.4.0.jar;E:\software\apache-maven-3.6.0-bin\apache-maven-3.6.0\.m2\repository\org\springframework\spring-web\5.1.3.RELEASE\spring-web-5.1.3.RELEASE.jar;E:\software\apache-maven-3.6.0-bin\apache-maven-3.6.0\.m2\repository\org\springframework\spring-beans\5.1.3.RELEASE\spring-beans-5.1.3.RELEASE.jar;E:\software\apache-maven-3.6.0-bin\apache-maven-3.6.0\.m2\repository\org\springframework\spring-webmvc\5.1.3.RELEASE\spring-webmvc-5.1.3.RELEASE.jar;E:\software\apache-maven-3.6.0-bin\apache-maven-3.6.0\.m2\repository\org\springframework\spring-aop\5.1.3.RELEASE\spring-aop-5.1.3.RELEASE.jar;E:\software\apache-maven-3.6.0-bin\apache-maven-3.6.0\.m2\repository\org\springframework\spring-context\5.1.3.RELEASE\spring-context-5.1.3.RELEASE.jar;E:\software\apache-maven-3.6.0-bin\apache-maven-3.6.0\.m2\repository\org\springframework\spring-expression\5.1.3.RELEASE\spring-expression-5.1.3.RELEASE.jar;E:\software\apache-maven-3.6.0-bin\apache-maven-3.6.0\.m2\repository\org\springframework\boot\spring-boot-starter-tomcat\2.1.1.RELEASE\spring-boot-starter-tomcat-2.1.1.RELEASE.jar;E:\software\apache-maven-3.6.0-bin\apache-maven-3.6.0\.m2\repository\javax\annotation\javax.annotation-api\1.3.2\javax.annotation-api-1.3.2.jar;E:\software\apache-maven-3.6.0-bin\apache-maven-3.6.0\.m2\repository\org\apache\tomcat\embed\tomcat-embed-core\9.0.13\tomcat-embed-core-9.0.13.jar;E:\software\apache-maven-3.6.0-bin\apache-maven-3.6.0\.m2\repository\org\apache\tomcat\embed\tomcat-embed-el\9.0.13\tomcat-embed-el-9.0.13.jar;E:\software\apache-maven-3.6.0-bin\apache-maven-3.6.0\.m2\repository\org\apache\tomcat\embed\tomcat-embed-websocket\9.0.13\tomcat-embed-websocket-9.0.13.jar;E:\software\apache-maven-3.6.0-bin\apache-maven-3.6.0\.m2\repository\org\apache\tomcat\embed\tomcat-embed-jasper\9.0.13\tomcat-embed-jasper-9.0.13.jar;E:\software\apache-maven-3.6.0-bin\apache-maven-3.6.0\.m2\repository\org\eclipse\jdt\ecj\3.13.102\ecj-3.13.102.jar;E:\software\apache-maven-3.6.0-bin\apache-maven-3.6.0\.m2\repository\log4j\log4j\1.2.17\log4j-1.2.17.jar;E:\software\apache-maven-3.6.0-bin\apache-maven-3.6.0\.m2\repository\javax\ws\rs\javax.ws.rs-api\2.1.1\javax.ws.rs-api-2.1.1.jar;E:\software\apache-maven-3.6.0-bin\apache-maven-3.6.0\.m2\repository\com\google\guava\guava\19.0\guava-19.0.jar;E:\software\apache-maven-3.6.0-bin\apache-maven-3.6.0\.m2\repository\com\sun\jersey\jersey-server\1.8\jersey-server-1.8.jar;E:\software\apache-maven-3.6.0-bin\apache-maven-3.6.0\.m2\repository\asm\asm\3.1\asm-3.1.jar;E:\software\apache-maven-3.6.0-bin\apache-maven-3.6.0\.m2\repository\com\sun\jersey\jersey-core\1.8\jersey-core-1.8.jar;E:\software\apache-maven-3.6.0-bin\apache-maven-3.6.0\.m2\repository\com\sun\jersey\jersey-client\1.8\jersey-client-1.8.jar;E:\software\apache-maven-3.6.0-bin\apache-maven-3.6.0\.m2\repository\org\scala-lang\scala-library\2.11.0\scala-library-2.11.0.jar;E:\software\apache-maven-3.6.0-bin\apache-maven-3.6.0\.m2\repository\junit\junit\4.13-beta-1\junit-4.13-beta-1.jar;E:\software\apache-maven-3.6.0-bin\apache-maven-3.6.0\.m2\repository\org\hamcrest\hamcrest-core\1.3\hamcrest-core-1.3.jar;E:\software\apache-maven-3.6.0-bin\apache-maven-3.6.0\.m2\repository\org\springframework\boot\spring-boot-starter-test\2.1.1.RELEASE\spring-boot-starter-test-2.1.1.RELEASE.jar;E:\software\apache-maven-3.6.0-bin\apache-maven-3.6.0\.m2\repository\org\springframework\boot\spring-boot-test\2.1.1.RELEASE\spring-boot-test-2.1.1.RELEASE.jar;E:\software\apache-maven-3.6.0-bin\apache-maven-3.6.0\.m2\repository\org\springframework\boot\spring-boot-test-autoconfigure\2.1.1.RELEASE\spring-boot-test-autoconfigure-2.1.1.RELEASE.jar;E:\software\apache-maven-3.6.0-bin\apache-maven-3.6.0\.m2\repository\com\jayway\jsonpath\json-path\2.4.0\json-path-2.4.0.jar;E:\software\apache-maven-3.6.0-bin\apache-maven-3.6.0\.m2\repository\net\minidev\json-smart\2.3\json-smart-2.3.jar;E:\software\apache-maven-3.6.0-bin\apache-maven-3.6.0\.m2\repository\net\minidev\accessors-smart\1.2\accessors-smart-1.2.jar;E:\software\apache-maven-3.6.0-bin\apache-maven-3.6.0\.m2\repository\org\ow2\asm\asm\5.0.4\asm-5.0.4.jar;E:\software\apache-maven-3.6.0-bin\apache-maven-3.6.0\.m2\repository\org\slf4j\slf4j-api\1.7.25\slf4j-api-1.7.25.jar;E:\software\apache-maven-3.6.0-bin\apache-maven-3.6.0\.m2\repository\org\assertj\assertj-core\3.11.1\assertj-core-3.11.1.jar;E:\software\apache-maven-3.6.0-bin\apache-maven-3.6.0\.m2\repository\org\mockito\mockito-core\2.23.4\mockito-core-2.23.4.jar;E:\software\apache-maven-3.6.0-bin\apache-maven-3.6.0\.m2\repository\net\bytebuddy\byte-buddy\1.9.5\byte-buddy-1.9.5.jar;E:\software\apache-maven-3.6.0-bin\apache-maven-3.6.0\.m2\repository\net\bytebuddy\byte-buddy-agent\1.9.5\byte-buddy-agent-1.9.5.jar;E:\software\apache-maven-3.6.0-bin\apache-maven-3.6.0\.m2\repository\org\objenesis\objenesis\2.6\objenesis-2.6.jar;E:\software\apache-maven-3.6.0-bin\apache-maven-3.6.0\.m2\repository\org\hamcrest\hamcrest-library\1.3\hamcrest-library-1.3.jar;E:\software\apache-maven-3.6.0-bin\apache-maven-3.6.0\.m2\repository\org\skyscreamer\jsonassert\1.5.0\jsonassert-1.5.0.jar;E:\software\apache-maven-3.6.0-bin\apache-maven-3.6.0\.m2\repository\com\vaadin\external\google\android-json\0.0.20131108.vaadin1\android-json-0.0.20131108.vaadin1.jar;E:\software\apache-maven-3.6.0-bin\apache-maven-3.6.0\.m2\repository\org\springframework\spring-core\5.1.3.RELEASE\spring-core-5.1.3.RELEASE.jar;E:\software\apache-maven-3.6.0-bin\apache-maven-3.6.0\.m2\repository\org\springframework\spring-jcl\5.1.3.RELEASE\spring-jcl-5.1.3.RELEASE.jar;E:\software\apache-maven-3.6.0-bin\apache-maven-3.6.0\.m2\repository\org\springframework\spring-test\5.1.3.RELEASE\spring-test-5.1.3.RELEASE.jar;E:\software\apache-maven-3.6.0-bin\apache-maven-3.6.0\.m2\repository\org\xmlunit\xmlunit-core\2.6.2\xmlunit-core-2.6.2.jar;"/>
    <property name="sun.cpu.endian" value="little"/>
    <property name="user.home" value="C:\Users\Suresh Dash"/>
    <property name="user.language" value="en"/>
    <property name="java.specification.vendor" value="Oracle Corporation"/>
    <property name="java.home" value="C:\Program Files\Java\jre1.8.0_201"/>
    <property name="basedir" value="E:\project\git-project\digitalWeb\dt-service-pagecrawl"/>
    <property name="file.separator" value="\"/>
    <property name="line.separator" value="&#10;"/>
    <property name="java.vm.specification.vendor" value="Oracle Corporation"/>
    <property name="java.specification.name" value="Java Platform API Specification"/>
    <property name="java.awt.graphicsenv" value="sun.awt.Win32GraphicsEnvironment"/>
    <property name="surefire.real.class.path" value="C:\Users\SURESH~1\AppData\Local\Temp\surefire2777287636222978274\surefirebooter7298011688231326967.jar;E:\\software\\apache-maven-3.6.0-bin\\apache-maven-3.6.0\\.m2\\repository\\org\\jacoco\\org.jacoco.agent\\0.8.2\\org.jacoco.agent-0.8.2-runtime.jar"/>
    <property name="sun.boot.class.path" value="C:\Program Files\Java\jre1.8.0_201\lib\resources.jar;C:\Program Files\Java\jre1.8.0_201\lib\rt.jar;C:\Program Files\Java\jre1.8.0_201\lib\sunrsasign.jar;C:\Program Files\Java\jre1.8.0_201\lib\jsse.jar;C:\Program Files\Java\jre1.8.0_201\lib\jce.jar;C:\Program Files\Java\jre1.8.0_201\lib\charsets.jar;C:\Program Files\Java\jre1.8.0_201\lib\jfr.jar;C:\Program Files\Java\jre1.8.0_201\classes"/>
    <property name="user.script" value=""/>
    <property name="sun.management.compiler" value="HotSpot 64-Bit Tiered Compilers"/>
    <property name="java.runtime.version" value="1.8.0_201-b09"/>
    <property name="user.name" value="Suresh Dash"/>
    <property name="path.separator" value=";"/>
    <property name="os.version" value="10.0"/>
    <property name="java.endorsed.dirs" value="C:\Program Files\Java\jre1.8.0_201\lib\endorsed"/>
    <property name="java.runtime.name" value="Java(TM) SE Runtime Environment"/>
    <property name="file.encoding" value="Cp1252"/>
    <property name="java.vm.name" value="Java HotSpot(TM) 64-Bit Server VM"/>
    <property name="localRepository" value="E:\software\apache-maven-3.6.0-bin\apache-maven-3.6.0\.m2\repository"/>
    <property name="java.vendor.url.bug" value="http://bugreport.sun.com/bugreport/"/>
    <property name="java.io.tmpdir" value="C:\Users\SURESH~1\AppData\Local\Temp\"/>
    <property name="java.version" value="1.8.0_201"/>
    <property name="user.dir" value="E:\project\git-project\digitalWeb\dt-service-pagecrawl"/>
    <property name="os.arch" value="amd64"/>
    <property name="java.vm.specification.name" value="Java Virtual Machine Specification"/>
    <property name="java.awt.printerjob" value="sun.awt.windows.WPrinterJob"/>
    <property name="sun.os.patch.level" value=""/>
    <property name="java.library.path" value="C:\Program Files\Java\jre1.8.0_201\bin;C:\Windows\Sun\Java\bin;C:\Windows\system32;C:\Windows;C:\Users\Suresh Dash\bin;C:\Program Files\Git\mingw64\bin;C:\Program Files\Git\usr\local\bin;C:\Program Files\Git\usr\bin;C:\Program Files\Git\usr\bin;C:\Program Files\Git\mingw64\bin;C:\Program Files\Git\usr\bin;C:\Users\Suresh Dash\bin;C:\Program Files (x86)\Intel\Intel(R) Management Engine Components\iCLS;C:\Program Files (x86)\Common Files\Oracle\Java\javapath;C:\Program Files\Intel\Intel(R) Management Engine Components\iCLS;C:\Windows\system32;C:\Windows;C:\Windows\System32\Wbem;C:\Windows\System32\WindowsPowerShell\v1.0;C:\Program Files (x86)\Intel\Intel(R) Management Engine Components\DAL;C:\Program Files\Intel\Intel(R) Management Engine Components\DAL;C:\Program Files (x86)\Intel\Intel(R) Management Engine Components\IPT;C:\Program Files\Intel\Intel(R) Management Engine Components\IPT;E:\software\apache-maven-3.6.0-bin\apache-maven-3.6.0\bin;C:\Users\Suresh Dash\AppData\Local\Microsoft\WindowsApps;C:\Program Files\Git\usr\bin\vendor_perl;C:\Program Files\Git\usr\bin\core_perl;."/>
    <property name="java.vm.info" value="mixed mode"/>
    <property name="java.vendor" value="Oracle Corporation"/>
    <property name="java.vm.version" value="25.201-b09"/>
    <property name="java.ext.dirs" value="C:\Program Files\Java\jre1.8.0_201\lib\ext;C:\Windows\Sun\Java\lib\ext"/>
    <property name="sun.io.unicode.encoding" value="UnicodeLittle"/>
    <property name="java.class.version" value="52.0"/>
  </properties>
  <testcase name="testPageCrawl" classname="com.page.crawl.api.controller.test.PageCrawlControllerTest" time="0.229"/>
  <testcase name="testPageCrawlNullTest" classname="com.page.crawl.api.controller.test.PageCrawlControllerTest" time="0.007"/>
</testsuite>